D:\CODE\PROJECT\CS_GRAPHICS_FADING\CS_GRAPHICS_FADING\DEBUG\BASERENDER.OBJ
D:\Code\project\cs_graphics_fading\cs_graphics_fading\Debug\cl.command.1.tlog
D:\Code\project\cs_graphics_fading\cs_graphics_fading\Debug\CL.read.1.tlog
D:\Code\project\cs_graphics_fading\cs_graphics_fading\Debug\CL.write.1.tlog
D:\CODE\PROJECT\CS_GRAPHICS_FADING\CS_GRAPHICS_FADING\DEBUG\CS_GRAPHICS_FADING.EXE.INTERMEDIATE.MANIFEST
D:\Code\project\cs_graphics_fading\cs_graphics_fading\Debug\cs_graphics_fading.vcxprojResolveAssemblyReference.cache
D:\Code\project\cs_graphics_fading\cs_graphics_fading\Debug\cs_graphics_fading.write.1.tlog
D:\Code\project\cs_graphics_fading\cs_graphics_fading\Debug\custombuild.command.1.tlog
D:\Code\project\cs_graphics_fading\cs_graphics_fading\Debug\custombuild.read.1.tlog
D:\Code\project\cs_graphics_fading\cs_graphics_fading\Debug\custombuild.write.1.tlog
D:\CODE\PROJECT\CS_GRAPHICS_FADING\CS_GRAPHICS_FADING\DEBUG\GLM.OBJ
D:\CODE\PROJECT\CS_GRAPHICS_FADING\CS_GRAPHICS_FADING\DEBUG\GLVIEW.OBJ
D:\CODE\PROJECT\CS_GRAPHICS_FADING\CS_GRAPHICS_FADING\DEBUG\INTERFACERENDER.OBJ
D:\Code\project\cs_graphics_fading\cs_graphics_fading\Debug\link.command.1.tlog
D:\Code\project\cs_graphics_fading\cs_graphics_fading\Debug\link.read.1.tlog
D:\Code\project\cs_graphics_fading\cs_graphics_fading\Debug\link.write.1.tlog
D:\CODE\PROJECT\CS_GRAPHICS_FADING\CS_GRAPHICS_FADING\DEBUG\MAIN.OBJ
D:\CODE\PROJECT\CS_GRAPHICS_FADING\CS_GRAPHICS_FADING\DEBUG\MOC_GLVIEW.OBJ
D:\CODE\PROJECT\CS_GRAPHICS_FADING\CS_GRAPHICS_FADING\DEBUG\MOC_QFADINGWINDOW.OBJ
D:\Code\project\cs_graphics_fading\cs_graphics_fading\Debug\mt.command.1.tlog
D:\Code\project\cs_graphics_fading\cs_graphics_fading\Debug\mt.read.1.tlog
D:\Code\project\cs_graphics_fading\cs_graphics_fading\Debug\mt.write.1.tlog
D:\CODE\PROJECT\CS_GRAPHICS_FADING\CS_GRAPHICS_FADING\DEBUG\QFADINGWINDOW.OBJ
D:\CODE\PROJECT\CS_GRAPHICS_FADING\CS_GRAPHICS_FADING\DEBUG\QRC_QFADINGWINDOW.OBJ
D:\CODE\PROJECT\CS_GRAPHICS_FADING\CS_GRAPHICS_FADING\DEBUG\SCANDATASTRUCTURE.OBJ
D:\CODE\PROJECT\CS_GRAPHICS_FADING\CS_GRAPHICS_FADING\DEBUG\SCANRENDER.OBJ
D:\CODE\PROJECT\CS_GRAPHICS_FADING\CS_GRAPHICS_FADING\DEBUG\SECTIONRENDER.OBJ
D:\CODE\PROJECT\CS_GRAPHICS_FADING\CS_GRAPHICS_FADING\DEBUG\VC100.PDB
D:\CODE\PROJECT\CS_GRAPHICS_FADING\CS_GRAPHICS_FADING\DEBUG\ZBUFFERRENDER.OBJ
D:\CODE\PROJECT\CS_GRAPHICS_FADING\CS_GRAPHICS_FADING\GENERATEDFILES\DEBUG\MOC_GLVIEW.CPP
D:\CODE\PROJECT\CS_GRAPHICS_FADING\CS_GRAPHICS_FADING\GENERATEDFILES\DEBUG\MOC_QFADINGWINDOW.CPP
D:\CODE\PROJECT\CS_GRAPHICS_FADING\CS_GRAPHICS_FADING\GENERATEDFILES\QRC_QFADINGWINDOW.CPP
D:\CODE\PROJECT\CS_GRAPHICS_FADING\CS_GRAPHICS_FADING\GENERATEDFILES\UI_GLVIEW.H
D:\CODE\PROJECT\CS_GRAPHICS_FADING\CS_GRAPHICS_FADING\GENERATEDFILES\UI_QFADINGWINDOW.H
D:\CODE\PROJECT\CS_GRAPHICS_FADING\WIN32\DEBUG\CS_GRAPHICS_FADING.EXE
D:\CODE\PROJECT\CS_GRAPHICS_FADING\WIN32\DEBUG\CS_GRAPHICS_FADING.ILK
D:\CODE\PROJECT\CS_GRAPHICS_FADING\WIN32\DEBUG\CS_GRAPHICS_FADING.PDB
